[2025-05-01 07:52:55] === Mastodon Restart Initiated ===
[*] Posting 2-minute warning to Mastodon...
[✓] 2-minute warning posted.
[*] Posting 1-minute warning to Mastodon...
[✓] 1-minute warning posted.
[*] Connecting to root@chatwithus.live to restart Mastodon services...
Restarting mastodon-web...
Restarting mastodon-sidekiq...
Restarting mastodon-streaming...
All services restarted.
[*] Waiting for Mastodon to come back online...
[+] Mastodon is back online.
[*] Posting final status to Mastodon...
[✓] Final status posted.
[*] Sending Telegram alert...
[✓] Telegram alert sent.
[✓] All tasks complete. Logged out of root@chatwithus.live.
[2025-05-01 07:52:55] === Mastodon Restart Complete ===

[2025-05-01 08:03:21] === Mastodon Restart Initiated ===
[*] Posting 2-minute warning to Mastodon...
[✓] 2-minute warning posted.
[2025-05-01 08:03:47] === Mastodon Restart Initiated ===
[*] Posting 2-minute warning to Mastodon...
[✓] 2-minute warning posted.
[*] Posting 1-minute warning to Mastodon...
[✓] 1-minute warning posted.
[*] Connecting to root@chatwithus.live to restart Mastodon services...
Restarting mastodon-web...
Restarting mastodon-sidekiq...
Restarting mastodon-streaming...
All services restarted.
[*] Waiting for Mastodon to come back online...
[+] Mastodon is back online.
[*] Posting final status to Mastodon...
[✓] Final status posted.
[*] Sending Telegram alert...
[✓] Telegram alert sent.
[✓] All tasks complete. Logged out of root@chatwithus.live.
[2025-05-01 08:03:47] === Mastodon Restart Complete ===

[2025-05-03 20:31:04] === Mastodon Restart Initiated ===
[*] Posting 2-minute warning to Mastodon...
[✓] 2-minute warning posted.
[*] Posting 1-minute warning to Mastodon...
[✓] 1-minute warning posted.
[*] Connecting to root@chatwithus.live to restart Mastodon services...
Restarting mastodon-web...
Warning: The unit file, source configuration file or drop-ins of mastodon-web.service changed on disk. Run 'systemctl daemon-reload' to reload units.
Restarting mastodon-sidekiq...
Warning: The unit file, source configuration file or drop-ins of mastodon-sidekiq.service changed on disk. Run 'systemctl daemon-reload' to reload units.
Restarting mastodon-streaming...
Warning: The unit file, source configuration file or drop-ins of mastodon-streaming.service changed on disk. Run 'systemctl daemon-reload' to reload units.
All services restarted.
[*] Waiting for Mastodon to come back online...
[+] Mastodon is back online.
[*] Posting final status to Mastodon...
[✓] Final status posted.
[*] Sending Telegram alert...
[✓] Telegram alert sent.
[✓] All tasks complete. Logged out of root@chatwithus.live.
[2025-05-03 20:31:04] === Mastodon Restart Complete ===

